<?xml version="1.0" encoding="UTF-8" ?>
<testsuite errors="0" failures="0" hostname="seven3n-desktop" name="test.MyTest" tests="1" time="0.044" timestamp="2014-02-04T21:31:57">
  <properties>
    <property name="ant.project.invoked-targets" value="main" />
    <property name="java.runtime.name" value="OpenJDK Runtime Environment" />
    <property name="sun.boot.library.path" value="/usr/lib/jvm/java-7-openjdk-amd64/jre/lib/amd64" />
    <property name="java.vm.version" value="24.45-b08" />
    <property name="ant.library.dir" value="/home/seven3n/eclipse SCALA/plugins/org.apache.ant_1.8.4.v201303080030/lib" />
    <property name="ant.version" value="Apache Ant(TM) version 1.8.4 compiled on May 22 2012" />
    <property name="ant.java.version" value="1.7" />
    <property name="java.vm.vendor" value="Oracle Corporation" />
    <property name="java.vendor.url" value="http://java.oracle.com/" />
    <property name="path.separator" value=":" />
    <property name="java.vm.name" value="OpenJDK 64-Bit Server VM" />
    <property name="file.encoding.pkg" value="sun.io" />
    <property name="user.country" value="ES" />
    <property name="sun.java.launcher" value="SUN_STANDARD" />
    <property name="sun.os.patch.level" value="unknown" />
    <property name="java.vm.specification.name" value="Java Virtual Machine Specification" />
    <property name="user.dir" value="/home/seven3n/Desktop/eclipse_workspace_scala_1/Java-ant" />
    <property name="java.runtime.version" value="1.7.0_51-b00" />
    <property name="java.awt.graphicsenv" value="sun.awt.X11GraphicsEnvironment" />
    <property name="eclipse.pdebuild.scripts" value="/home/seven3n/eclipse SCALA/plugins/org.eclipse.pde.build_3.8.100.v20130514-1028/scripts//" />
    <property name="basedir" value="/home/seven3n/Desktop/eclipse_workspace_scala_1/Java-ant" />
    <property name="java.endorsed.dirs" value="/usr/lib/jvm/java-7-openjdk-amd64/jre/lib/endorsed" />
    <property name="os.arch" value="amd64" />
    <property name="ant.project.default-target" value="main" />
    <property name="java.io.tmpdir" value="/tmp" />
    <property name="ant.core.lib" value="/home/seven3n/eclipse SCALA/plugins/org.apache.ant_1.8.4.v201303080030/lib/ant.jar" />
    <property name="line.separator" value="&#xa;" />
    <property name="java.vm.specification.vendor" value="Oracle Corporation" />
    <property name="os.name" value="Linux" />
    <property name="ant.home" value="/home/seven3n/eclipse SCALA/plugins/org.apache.ant_1.8.4.v201303080030" />
    <property name="eclipse.pdebuild.templates" value="/home/seven3n/eclipse SCALA/plugins/org.eclipse.pde.build_3.8.100.v20130514-1028/templates//" />
    <property name="build.dir" value="/home/seven3n/Desktop/eclipse_workspace_scala_1/Java-ant/bin" />
    <property name="ant.project.name" value="Ant-Test" />
    <property name="sun.jnu.encoding" value="UTF-8" />
    <property name="java.library.path" value="/usr/java/packages/lib/amd64:/usr/lib/x86_64-linux-gnu/jni:/lib/x86_64-linux-gnu:/usr/lib/x86_64-linux-gnu:/usr/lib/jni:/lib:/usr/lib" />
    <property name="ant.file.Ant-Test" value="/home/seven3n/Desktop/eclipse_workspace_scala_1/Java-ant/build.xml" />
    <property name="eclipse.pdebuild.home" value="/home/seven3n/eclipse SCALA/plugins/org.eclipse.pde.build_3.8.100.v20130514-1028/.//" />
    <property name="java.class.version" value="51.0" />
    <property name="java.specification.name" value="Java Platform API Specification" />
    <property name="test.report.dir" value="/home/seven3n/Desktop/eclipse_workspace_scala_1/Java-ant/testreport" />
    <property name="sun.management.compiler" value="HotSpot 64-Bit Tiered Compilers" />
    <property name="os.version" value="3.11.0-15-generic" />
    <property name="ant.file" value="/home/seven3n/Desktop/eclipse_workspace_scala_1/Java-ant/build.xml" />
    <property name="user.home" value="/home/seven3n" />
    <property name="user.timezone" value="" />
    <property name="java.awt.printerjob" value="sun.print.PSPrinterJob" />
    <property name="java.specification.version" value="1.7" />
    <property name="file.encoding" value="UTF-8" />
    <property name="java.class.path" value="/home/seven3n/Desktop/eclipse_workspace_scala_1/Java-ant/lib/junit.jar:/home/seven3n/Desktop/eclipse_workspace_scala_1/Java-ant/bin:/home/seven3n/Desktop/eclipse_workspace_scala_1/Java-ant/lib/hamcrest.jar:/home/seven3n/eclipse SCALA/plugins/org.apache.ant_1.8.4.v201303080030/lib/ant-launcher.jar:/home/seven3n/eclipse SCALA/plugins/org.apache.ant_1.8.4.v201303080030/lib/ant.jar:/home/seven3n/eclipse SCALA/plugins/org.apache.ant_1.8.4.v201303080030/lib/ant-junit.jar:/home/seven3n/eclipse SCALA/plugins/org.apache.ant_1.8.4.v201303080030/lib/ant-junit4.jar" />
    <property name="user.name" value="seven3n" />
    <property name="java.vm.specification.version" value="1.7" />
    <property name="sun.java.command" value="org.apache.tools.ant.taskdefs.optional.junit.JUnitTestRunner test.MyTest filtertrace=true haltOnError=false haltOnFailure=true formatter=org.apache.tools.ant.taskdefs.optional.junit.SummaryJUnitResultFormatter showoutput=false outputtoformatters=true logfailedtests=true logtestlistenerevents=false formatter=org.apache.tools.ant.taskdefs.optional.junit.XMLJUnitResultFormatter,/home/seven3n/Desktop/eclipse_workspace_scala_1/Java-ant/testreport/TEST-test.MyTest.xml crashfile=/home/seven3n/Desktop/eclipse_workspace_scala_1/Java-ant/junitvmwatcher7037392244164469872.properties propsfile=/home/seven3n/Desktop/eclipse_workspace_scala_1/Java-ant/junit1381692232314182127.properties" />
    <property name="sun.arch.data.model" value="64" />
    <property name="java.home" value="/usr/lib/jvm/java-7-openjdk-amd64/jre" />
    <property name="java.specification.vendor" value="Oracle Corporation" />
    <property name="user.language" value="es" />
    <property name="awt.toolkit" value="sun.awt.X11.XToolkit" />
    <property name="test.dir" value="/home/seven3n/Desktop/eclipse_workspace_scala_1/Java-ant/src" />
    <property name="java.vm.info" value="mixed mode" />
    <property name="java.version" value="1.7.0_51" />
    <property name="java.ext.dirs" value="/usr/lib/jvm/java-7-openjdk-amd64/jre/lib/ext:/usr/java/packages/lib/ext" />
    <property name="sun.boot.class.path" value="/usr/lib/jvm/java-7-openjdk-amd64/jre/lib/resources.jar:/usr/lib/jvm/java-7-openjdk-amd64/jre/lib/rt.jar:/usr/lib/jvm/java-7-openjdk-amd64/jre/lib/sunrsasign.jar:/usr/lib/jvm/java-7-openjdk-amd64/jre/lib/jsse.jar:/usr/lib/jvm/java-7-openjdk-amd64/jre/lib/jce.jar:/usr/lib/jvm/java-7-openjdk-amd64/jre/lib/charsets.jar:/usr/lib/jvm/java-7-openjdk-amd64/jre/lib/netx.jar:/usr/lib/jvm/java-7-openjdk-amd64/jre/lib/plugin.jar:/usr/lib/jvm/java-7-openjdk-amd64/jre/lib/rhino.jar:/usr/lib/jvm/java-7-openjdk-amd64/jre/lib/jfr.jar:/usr/lib/jvm/java-7-openjdk-amd64/jre/classes" />
    <property name="java.vendor" value="Oracle Corporation" />
    <property name="file.separator" value="/" />
    <property name="src.dir" value="/home/seven3n/Desktop/eclipse_workspace_scala_1/Java-ant/src" />
    <property name="java.vendor.url.bug" value="http://bugreport.sun.com/bugreport/" />
    <property name="sun.cpu.endian" value="little" />
    <property name="sun.io.unicode.encoding" value="UnicodeLittle" />
    <property name="ant.file.type.Ant-Test" value="file" />
    <property name="sun.desktop" value="gnome" />
    <property name="sun.cpu.isalist" value="" />
  </properties>
  <testcase classname="test.MyTest" name="testMulti" time="0.001" />
  <system-out><![CDATA[]]></system-out>
  <system-err><![CDATA[]]></system-err>
</testsuite>
